[2026-06-21 11:35:22] Tentativa de login falhada: admin@hospitalgest.pt
[2026-06-21 11:35:36] Login bem-sucedido: Matilde Queirós (admin@hospitalgest.pt)
[2026-06-21 14:35:29] Login bem-sucedido: Matilde Queirós (admin@hospitalgest.pt)
[2026-06-21 16:23:00] Login bem-sucedido: Matilde Queirós (admin@hospitalgest.pt)
[2026-06-21 16:23:34] Login bem-sucedido: Matilde Queirós (admin@hospitalgest.pt)
[2026-06-21 16:29:57] Login bem-sucedido: Matilde Queirós (admin@hospitalgest.pt)
[2026-06-21 16:30:09] Login bem-sucedido: Matilde Queirós (admin@hospitalgest.pt)
[2026-06-21 16:30:37] Password alterada: utilizador Matilde Queirós
[2026-06-21 16:31:26] Tentativa de login falhada: admin@hospitalgest.pt
[2026-06-21 16:31:33] Login bem-sucedido: Matilde Queirós (admin@hospitalgest.pt)
[2026-06-21 16:32:41] Password alterada: utilizador Matilde Queirós
[2026-06-21 16:42:16] Login bem-sucedido: Matilde Queirós (admin@hospitalgest.pt)
[2026-06-21 16:47:28] Login bem-sucedido: Matilde Queirós (admin@hospitalgest.pt)
[2026-06-21 19:05:24] Tentativa de login falhada: admin@hospitalgest.pt
[2026-06-21 19:06:31] Tentativa de login falhada: enfermeiro@hospitalgest.pt
[2026-06-21 19:29:09] Tentativa de login falhada: admin@hospitalgest.pt
[2026-06-21 19:29:15] Login bem-sucedido: Matilde Queirós (admin@hospitalgest.pt)
[2026-06-22 09:01:50] Login bem-sucedido: Matilde Queirós (admin@hospitalgest.pt)
[2026-06-22 10:23:19] Login bem-sucedido: Matilde Queirós (admin@hospitalgest.pt)
[2026-06-22 10:31:37] Login bem-sucedido: Matilde Queirós (admin@hospitalgest.pt)
[2026-06-22 10:38:00] Login bem-sucedido: Matilde Queirós (admin@hospitalgest.pt)
[2026-06-22 10:38:03] Login bem-sucedido: Matilde Queirós (admin@hospitalgest.pt)
[2026-06-22 13:03:46] Login bem-sucedido: Matilde Queirós (admin@hospitalgest.pt)
[2026-06-22 16:32:53] Login bem-sucedido: Matilde Queirós (admin@hospitalgest.pt)
[2026-06-22 16:52:54] Login bem-sucedido: Matilde Queirós (admin@hospitalgest.pt)
[2026-06-22 17:18:49] Login bem-sucedido: Matilde Queirós (admin@hospitalgest.pt)
[2026-06-23 10:22:47] Login bem-sucedido: Matilde Queirós (admin@hospitalgest.pt)
[2026-06-23 10:56:23] Login bem-sucedido: Ricardo Tavares (tecnico@hospitalgest.pt)
[2026-06-23 11:02:02] Login bem-sucedido: Matilde Queirós (admin@hospitalgest.pt)
[2026-06-23 11:04:57] Login bem-sucedido: Ricardo Tavares (tecnico@hospitalgest.pt)
[2026-06-23 11:06:29] Login bem-sucedido: Ana Pereira (enfermeiro@hospitalgest.pt)
[2026-06-23 11:08:00] Login bem-sucedido: Matilde Queirós (admin@hospitalgest.pt)
